xauth:  file /home/bbarker/.serverauth.580073 does not exist


X.Org X Server 1.21.1.14
X Protocol Version 11, Revision 0
Current Operating System: Linux nixos 6.6.69 #1-NixOS SMP PREEMPT_DYNAMIC Thu Jan  2 09:32:11 UTC 2025 x86_64
Kernel command line: initrd=\EFI\nixos\zjpyjliq309p8rrqfgp20vjmjxwh1yd9-initrd-linux-6.6.69-initrd.efi init=/nix/store/y7c2i2w6vs37h96iz0m9im1623bgzwhk-nixos-system-nixos-24.11.712431.cbd8ec4de446/init loglevel=4
 
Current version of pixman: 0.43.4
	Before reporting problems, check http://wiki.x.org
	to make sure that you have the latest version.
Markers: (--) probed, (**) from config file, (==) default setting,
	(++) from command line, (!!) notice, (II) informational,
	(WW) warning, (EE) error, (NI) not implemented, (??) unknown.
(==) Log file: "/home/bbarker/.local/share/xorg/Xorg.0.log", Time: Fri Jan 10 08:54:07 2025
(++) Using config file: "/nix/store/b9j886m1agf01p6csprx83pfgl4f06a9-xserver.conf"
(==) Using config directory: "/etc/X11/xorg.conf.d"
(==) Using system config directory "/nix/store/sgzwfb9k14myjfdxmz7zg6wqhb7mi0d9-xorg-server-21.1.14/share/X11/xorg.conf.d"
(==) ServerLayout "Layout[all]"
(**) |-->Screen "Screen-modesetting[0]" (0)
(**) |   |-->Monitor "<default monitor>"
(**) |   |-->Device "Device-modesetting[0]"
(==) No monitor specified for screen "Screen-modesetting[0]".
	Using a default monitor configuration.
(**) |-->Screen "Screen-fbdev[0]" (1)
(**) |   |-->Monitor "<default monitor>"
(**) |   |-->Device "Device-fbdev[0]"
(==) No monitor specified for screen "Screen-fbdev[0]".
	Using a default monitor configuration.
(**) Option "DontZap" "on"
(**) Option "AllowMouseOpenFail" "on"
(**) Allowing byte-swapped clients
(==) Automatically adding devices
(==) Automatically enabling devices
(==) Automatically adding GPU devices
(==) Automatically binding GPU devices
(==) Max clients allowed: 256, resource mask: 0x1fffff
(**) FontPath set to:
	/nix/store/alwkvmm59spb8lgsc0y93aar1f921qj0-font-cursor-misc-1.0.4/lib/X11/fonts/misc,
	/nix/store/33aav0vwfkjr0x98aggy8x802x46p1wm-font-misc-misc-1.1.3/lib/X11/fonts/misc,
	/nix/store/392y7yi0clkphqq7nyp6sfdy65zaryy5-unifont-16.0.01/share/fonts,
	/nix/store/53fzkfinrbp60xf9sa85120wjkkjliyb-font-adobe-100dpi-1.0.4/lib/X11/fonts/100dpi,
	/nix/store/yym1wfvnssbmcvp6rhfsqv98p98c701j-font-adobe-75dpi-1.0.4/lib/X11/fonts/75dpi
(**) ModulePath set to "/nix/store/gl4dzx40ggb30y0np7y3pv2i2jrx9jl8-xf86-video-fbdev-0.5.0/lib/xorg/modules,/nix/store/sgzwfb9k14myjfdxmz7zg6wqhb7mi0d9-xorg-server-21.1.14/lib/xorg/modules,/nix/store/bnf7yprp78wxz70jgwdarh3dcyvj9082-xf86-input-evdev-2.11.0/lib/xorg/modules,/nix/store/svxih82k7qg9qmpr5riz7c81rjd2l89f-xf86-input-libinput-1.5.0/lib/xorg/modules"
(II) The server relies on udev to provide the list of input devices.
	If no devices become available, reconfigure udev or disable AutoAddDevices.
(II) Loader magic: 0x64ee40
(II) Module ABI versions:
	X.Org ANSI C Emulation: 0.4
	X.Org Video Driver: 25.2
	X.Org XInput driver : 24.4
	X.Org Server Extension : 10.0
(++) using VT number 1

(II) systemd-logind: took control of session /org/freedesktop/login1/session/_34
(II) xfree86: Adding drm device (/dev/dri/card1)
(II) Platform probe for /sys/devices/pci0000:00/0000:00:02.0/drm/card1
(II) systemd-logind: got fd for /dev/dri/card1 226:1 fd 13 paused 0
(--) PCI:*(0@0:2:0) 8086:3ea0:103c:8549 rev 2, Mem @ 0xe7000000/16777216, 0xc0000000/268435456, I/O @ 0x00003000/64, BIOS @ 0x????????/131072
(WW) Open ACPI failed (/var/run/acpid.socket) (No such file or directory)
(II) "glx" will be loaded by default.
(II) LoadModule: "glx"
(II) Loading /nix/store/sgzwfb9k14myjfdxmz7zg6wqhb7mi0d9-xorg-server-21.1.14/lib/xorg/modules/extensions/libglx.so
(II) Module glx: vendor="X.Org Foundation"
	compiled for 1.21.1.14, module version = 1.0.0
	ABI class: X.Org Server Extension, version 10.0
(II) LoadModule: "modesetting"
(II) Loading /nix/store/sgzwfb9k14myjfdxmz7zg6wqhb7mi0d9-xorg-server-21.1.14/lib/xorg/modules/drivers/modesetting_drv.so
(II) Module modesetting: vendor="X.Org Foundation"
	compiled for 1.21.1.14, module version = 1.21.1
	Module class: X.Org Video Driver
	ABI class: X.Org Video Driver, version 25.2
(II) LoadModule: "fbdev"
(II) Loading /nix/store/gl4dzx40ggb30y0np7y3pv2i2jrx9jl8-xf86-video-fbdev-0.5.0/lib/xorg/modules/drivers/fbdev_drv.so
(II) Module fbdev: vendor="X.Org Foundation"
	compiled for 1.21.1.14, module version = 0.5.0
	Module class: X.Org Video Driver
	ABI class: X.Org Video Driver, version 25.2
(II) modesetting: Driver for Modesetting Kernel Drivers: kms
(II) FBDEV: driver for framebuffer: fbdev
(II) modeset(0): using drv /dev/dri/card1
(WW) Falling back to old probe method for fbdev
(II) Loading sub module "fbdevhw"
(II) LoadModule: "fbdevhw"
(II) Loading /nix/store/sgzwfb9k14myjfdxmz7zg6wqhb7mi0d9-xorg-server-21.1.14/lib/xorg/modules/libfbdevhw.so
(II) Module fbdevhw: vendor="X.Org Foundation"
	compiled for 1.21.1.14, module version = 0.0.2
	ABI class: X.Org Video Driver, version 25.2
(WW) VGA arbiter: cannot open kernel arbiter, no multi-card support
(II) modeset(0): Creating default Display subsection in Screen section
	"Screen-modesetting[0]" for depth/fbbpp 24/32
(==) modeset(0): Depth 24, (==) framebuffer bpp 32
(==) modeset(0): RGB weight 888
(==) modeset(0): Default visual is TrueColor
(II) Loading sub module "glamoregl"
(II) LoadModule: "glamoregl"
(II) Loading /nix/store/sgzwfb9k14myjfdxmz7zg6wqhb7mi0d9-xorg-server-21.1.14/lib/xorg/modules/libglamoregl.so
(II) Module glamoregl: vendor="X.Org Foundation"
	compiled for 1.21.1.14, module version = 1.0.1
	ABI class: X.Org ANSI C Emulation, version 0.4
(II) modeset(0): glamor X acceleration enabled on Mesa Intel(R) UHD Graphics 620 (WHL GT2)
(II) modeset(0): glamor initialized
(==) modeset(0): VariableRefresh: disabled
(==) modeset(0): AsyncFlipSecondaries: disabled
(II) modeset(0): Output eDP-1 has no monitor section
(II) modeset(0): Output DP-1 has no monitor section
(II) modeset(0): Output HDMI-1 has no monitor section
(II) modeset(0): Output DP-2 has no monitor section
(II) modeset(0): Output HDMI-2 has no monitor section
(II) modeset(0): EDID for output eDP-1
(II) modeset(0): Manufacturer: LGD  Model: 62e  Serial#: 0
(II) modeset(0): Year: 2019  Week: 0
(II) modeset(0): EDID Version: 1.4
(II) modeset(0): Digital Display Input
(II) modeset(0): 6 bits per channel
(II) modeset(0): Digital interface is DisplayPort
(II) modeset(0): Max Image Size [cm]: horiz.: 34  vert.: 19
(II) modeset(0): Gamma: 2.20
(II) modeset(0): No DPMS capabilities specified
(II) modeset(0): Supported color encodings: RGB 4:4:4 
(II) modeset(0): First detailed timing is preferred mode
(II) modeset(0): Preferred mode is native pixel format and refresh rate
(II) modeset(0): Display is continuous-frequency
(II) modeset(0): redX: 0.590 redY: 0.370   greenX: 0.350 greenY: 0.555
(II) modeset(0): blueX: 0.155 blueY: 0.110   whiteX: 0.313 whiteY: 0.329
(II) modeset(0): Manufacturer's mask: 0
(II) modeset(0): Supported detailed timing:
(II) modeset(0): clock: 138.6 MHz   Image Size:  344 x 194 mm
(II) modeset(0): h_active: 1920  h_sync: 1968  h_sync_end 2000 h_blank_end 2080 h_border: 0
(II) modeset(0): v_active: 1080  v_sync: 1083  v_sync_end 1088 v_blanking: 1111 v_border: 0
(II) modeset(0): Supported detailed timing:
(II) modeset(0): clock: 92.4 MHz   Image Size:  344 x 194 mm
(II) modeset(0): h_active: 1920  h_sync: 1968  h_sync_end 2000 h_blank_end 2080 h_border: 0
(II) modeset(0): v_active: 1080  v_sync: 1083  v_sync_end 1088 v_blanking: 1111 v_border: 0
(II) modeset(0): Unknown vendor-specific block 2
(II) modeset(0): EDID (in hex):
(II) modeset(0): 	00ffffffffffff0030e42e0600000000
(II) modeset(0): 	001d0104952213780338d5975e598e27
(II) modeset(0): 	1c505400000001010101010101010101
(II) modeset(0): 	010101010101243680a070381f403020
(II) modeset(0): 	350058c210000019182480a070381f40
(II) modeset(0): 	3020350058c210000019000000000000
(II) modeset(0): 	00000000000000000000000000000002
(II) modeset(0): 	000c3aff0a3c7d1314267d000000002f
(II) modeset(0): Printing probed modes for output eDP-1
(II) modeset(0): Modeline "1920x1080"x60.0  138.60  1920 1968 2000 2080  1080 1083 1088 1111 -hsync -vsync (66.6 kHz eP)
(II) modeset(0): Modeline "1920x1080"x119.9  266.50  1920 1944 1960 2000  1080 1081 1084 1111 doublescan +hsync -vsync (133.2 kHz d)
(II) modeset(0): Modeline "1920x1080"x60.0  173.00  1920 2048 2248 2576  1080 1083 1088 1120 -hsync +vsync (67.2 kHz d)
(II) modeset(0): Modeline "1920x1080"x59.9  138.50  1920 1968 2000 2080  1080 1083 1088 1111 +hsync -vsync (66.6 kHz d)
(II) modeset(0): Modeline "1920x1080"x40.0   92.40  1920 1968 2000 2080  1080 1083 1088 1111 -hsync -vsync (44.4 kHz e)
(II) modeset(0): Modeline "1680x1050"x60.0  146.25  1680 1784 1960 2240  1050 1053 1059 1089 -hsync +vsync (65.3 kHz d)
(II) modeset(0): Modeline "1680x1050"x59.9  119.00  1680 1728 1760 1840  1050 1053 1059 1080 +hsync -vsync (64.7 kHz d)
(II) modeset(0): Modeline "1400x1050"x60.0  122.00  1400 1488 1640 1880  1050 1052 1064 1082 +hsync +vsync (64.9 kHz d)
(II) modeset(0): Modeline "1600x900"x120.0  246.00  1600 1728 1900 2200  900 901 904 932 doublescan -hsync +vsync (111.8 kHz d)
(II) modeset(0): Modeline "1600x900"x119.9  186.50  1600 1624 1640 1680  900 901 904 926 doublescan +hsync -vsync (111.0 kHz d)
(II) modeset(0): Modeline "1600x900"x59.9  118.25  1600 1696 1856 2112  900 903 908 934 -hsync +vsync (56.0 kHz d)
(II) modeset(0): Modeline "1600x900"x59.8   97.50  1600 1648 1680 1760  900 903 908 926 +hsync -vsync (55.4 kHz d)
(II) modeset(0): Modeline "1280x1024"x60.0  108.00  1280 1328 1440 1688  1024 1025 1028 1066 +hsync +vsync (64.0 kHz d)
(II) modeset(0): Modeline "1400x900"x60.0  103.50  1400 1480 1624 1848  900 903 913 934 -hsync +vsync (56.0 kHz d)
(II) modeset(0): Modeline "1400x900"x59.9   86.50  1400 1448 1480 1560  900 903 913 926 +hsync -vsync (55.4 kHz d)
(II) modeset(0): Modeline "1280x960"x60.0  108.00  1280 1376 1488 1800  960 961 964 1000 +hsync +vsync (60.0 kHz d)
(II) modeset(0): Modeline "1440x810"x120.0  198.12  1440 1548 1704 1968  810 811 814 839 doublescan -hsync +vsync (100.7 kHz d)
(II) modeset(0): Modeline "1440x810"x119.9  151.88  1440 1464 1480 1520  810 811 814 833 doublescan +hsync -vsync (99.9 kHz d)
(II) modeset(0): Modeline "1368x768"x59.9   85.25  1368 1440 1576 1784  768 771 781 798 -hsync +vsync (47.8 kHz d)
(II) modeset(0): Modeline "1368x768"x59.9   72.25  1368 1416 1448 1528  768 771 781 790 +hsync -vsync (47.3 kHz d)
(II) modeset(0): Modeline "1280x800"x120.0  174.25  1280 1380 1516 1752  800 801 804 829 doublescan -hsync +vsync (99.5 kHz d)
(II) modeset(0): Modeline "1280x800"x119.9  134.25  1280 1304 1320 1360  800 801 804 823 doublescan +hsync -vsync (98.7 kHz d)
(II) modeset(0): Modeline "1280x800"x59.8   83.50  1280 1352 1480 1680  800 803 809 831 -hsync +vsync (49.7 kHz d)
(II) modeset(0): Modeline "1280x800"x59.9   71.00  1280 1328 1360 1440  800 803 809 823 +hsync -vsync (49.3 kHz d)
(II) modeset(0): Modeline "1280x720"x120.0  156.12  1280 1376 1512 1744  720 721 724 746 doublescan -hsync +vsync (89.5 kHz d)
(II) modeset(0): Modeline "1280x720"x120.0  120.75  1280 1304 1320 1360  720 721 724 740 doublescan +hsync -vsync (88.8 kHz d)
(II) modeset(0): Modeline "1280x720"x59.9   74.50  1280 1344 1472 1664  720 723 728 748 -hsync +vsync (44.8 kHz d)
(II) modeset(0): Modeline "1280x720"x59.7   63.75  1280 1328 1360 1440  720 723 728 741 +hsync -vsync (44.3 kHz d)
(II) modeset(0): Modeline "1024x768"x120.1  133.47  1024 1100 1212 1400  768 768 770 794 doublescan -hsync +vsync (95.3 kHz d)
(II) modeset(0): Modeline "1024x768"x60.0   65.00  1024 1048 1184 1344  768 771 777 806 -hsync -vsync (48.4 kHz d)
(II) modeset(0): Modeline "960x720"x120.0  117.00  960 1024 1128 1300  720 720 722 750 doublescan -hsync +vsync (90.0 kHz d)
(II) modeset(0): Modeline "928x696"x120.1  109.15  928 976 1088 1264  696 696 698 719 doublescan -hsync +vsync (86.4 kHz d)
(II) modeset(0): Modeline "896x672"x120.0  102.40  896 960 1060 1224  672 672 674 697 doublescan -hsync +vsync (83.7 kHz d)
(II) modeset(0): Modeline "1024x576"x119.9   98.50  1024 1092 1200 1376  576 577 580 597 doublescan -hsync +vsync (71.6 kHz d)
(II) modeset(0): Modeline "1024x576"x119.9   78.38  1024 1048 1064 1104  576 577 580 592 doublescan +hsync -vsync (71.0 kHz d)
(II) modeset(0): Modeline "1024x576"x59.9   46.50  1024 1064 1160 1296  576 579 584 599 -hsync +vsync (35.9 kHz d)
(II) modeset(0): Modeline "1024x576"x59.8   42.00  1024 1072 1104 1184  576 579 584 593 +hsync -vsync (35.5 kHz d)
(II) modeset(0): Modeline "960x600"x119.9   96.62  960 1028 1128 1296  600 601 604 622 doublescan -hsync +vsync (74.6 kHz d)
(II) modeset(0): Modeline "960x600"x120.0   77.00  960 984 1000 1040  600 601 604 617 doublescan +hsync -vsync (74.0 kHz d)
(II) modeset(0): Modeline "960x540"x119.9   86.50  960 1024 1124 1288  540 541 544 560 doublescan -hsync +vsync (67.2 kHz d)
(II) modeset(0): Modeline "960x540"x120.0   69.25  960 984 1000 1040  540 541 544 555 doublescan +hsync -vsync (66.6 kHz d)
(II) modeset(0): Modeline "960x540"x59.6   40.75  960 992 1088 1216  540 543 548 562 -hsync +vsync (33.5 kHz d)
(II) modeset(0): Modeline "960x540"x59.8   37.25  960 1008 1040 1120  540 543 548 556 +hsync -vsync (33.3 kHz d)
(II) modeset(0): Modeline "800x600"x120.0   81.00  800 832 928 1080  600 600 602 625 doublescan +hsync +vsync (75.0 kHz d)
(II) modeset(0): Modeline "800x600"x60.3   40.00  800 840 968 1056  600 601 605 628 +hsync +vsync (37.9 kHz d)
(II) modeset(0): Modeline "800x600"x56.2   36.00  800 824 896 1024  600 601 603 625 +hsync +vsync (35.2 kHz d)
(II) modeset(0): Modeline "840x525"x120.0   73.12  840 892 980 1120  525 526 529 544 doublescan -hsync +vsync (65.3 kHz d)
(II) modeset(0): Modeline "840x525"x119.8   59.50  840 864 880 920  525 526 529 540 doublescan +hsync -vsync (64.7 kHz d)
(II) modeset(0): Modeline "864x486"x59.9   32.50  864 888 968 1072  486 489 494 506 -hsync +vsync (30.3 kHz d)
(II) modeset(0): Modeline "864x486"x59.6   30.50  864 912 944 1024  486 489 494 500 +hsync -vsync (29.8 kHz d)
(II) modeset(0): Modeline "700x525"x120.0   61.00  700 744 820 940  525 526 532 541 doublescan +hsync +vsync (64.9 kHz d)
(II) modeset(0): Modeline "800x450"x119.9   59.12  800 848 928 1056  450 451 454 467 doublescan -hsync +vsync (56.0 kHz d)
(II) modeset(0): Modeline "800x450"x119.6   48.75  800 824 840 880  450 451 454 463 doublescan +hsync -vsync (55.4 kHz d)
(II) modeset(0): Modeline "640x512"x120.0   54.00  640 664 720 844  512 512 514 533 doublescan +hsync +vsync (64.0 kHz d)
(II) modeset(0): Modeline "700x450"x119.9   51.75  700 740 812 924  450 451 456 467 doublescan -hsync +vsync (56.0 kHz d)
(II) modeset(0): Modeline "700x450"x119.8   43.25  700 724 740 780  450 451 456 463 doublescan +hsync -vsync (55.4 kHz d)
(II) modeset(0): Modeline "640x480"x120.0   54.00  640 688 744 900  480 480 482 500 doublescan +hsync +vsync (60.0 kHz d)
(II) modeset(0): Modeline "640x480"x59.9   25.18  640 656 752 800  480 490 492 525 -hsync -vsync (31.5 kHz d)
(II) modeset(0): Modeline "720x405"x59.5   22.50  720 744 808 896  405 408 413 422 -hsync +vsync (25.1 kHz d)
(II) modeset(0): Modeline "720x405"x59.0   21.75  720 768 800 880  405 408 413 419 +hsync -vsync (24.7 kHz d)
(II) modeset(0): Modeline "684x384"x119.8   42.62  684 720 788 892  384 385 390 399 doublescan -hsync +vsync (47.8 kHz d)
(II) modeset(0): Modeline "684x384"x119.7   36.12  684 708 724 764  384 385 390 395 doublescan +hsync -vsync (47.3 kHz d)
(II) modeset(0): Modeline "640x400"x119.8   41.75  640 676 740 840  400 401 404 415 doublescan -hsync +vsync (49.7 kHz d)
(II) modeset(0): Modeline "640x400"x120.0   35.50  640 664 680 720  400 401 404 411 doublescan +hsync -vsync (49.3 kHz d)
(II) modeset(0): Modeline "640x360"x119.7   37.25  640 672 736 832  360 361 364 374 doublescan -hsync +vsync (44.8 kHz d)
(II) modeset(0): Modeline "640x360"x119.7   31.88  640 664 680 720  360 361 364 370 doublescan +hsync -vsync (44.3 kHz d)
(II) modeset(0): Modeline "640x360"x59.8   18.00  640 664 720 800  360 363 368 376 -hsync +vsync (22.5 kHz d)
(II) modeset(0): Modeline "640x360"x59.3   17.75  640 688 720 800  360 363 368 374 +hsync -vsync (22.2 kHz d)
(II) modeset(0): Modeline "512x384"x120.0   32.50  512 524 592 672  384 385 388 403 doublescan -hsync -vsync (48.4 kHz d)
(II) modeset(0): Modeline "512x288"x120.0   23.25  512 532 580 648  288 289 292 299 doublescan -hsync +vsync (35.9 kHz d)
(II) modeset(0): Modeline "512x288"x119.8   21.00  512 536 552 592  288 289 292 296 doublescan +hsync -vsync (35.5 kHz d)
(II) modeset(0): Modeline "480x270"x119.3   20.38  480 496 544 608  270 271 274 281 doublescan -hsync +vsync (33.5 kHz d)
(II) modeset(0): Modeline "480x270"x119.6   18.62  480 504 520 560  270 271 274 278 doublescan +hsync -vsync (33.3 kHz d)
(II) modeset(0): Modeline "400x300"x120.6   20.00  400 420 484 528  300 300 302 314 doublescan +hsync +vsync (37.9 kHz d)
(II) modeset(0): Modeline "400x300"x112.7   18.00  400 412 448 512  300 300 301 312 doublescan +hsync +vsync (35.2 kHz d)
(II) modeset(0): Modeline "432x243"x119.8   16.25  432 444 484 536  243 244 247 253 doublescan -hsync +vsync (30.3 kHz d)
(II) modeset(0): Modeline "432x243"x119.1   15.25  432 456 472 512  243 244 247 250 doublescan +hsync -vsync (29.8 kHz d)
(II) modeset(0): Modeline "320x240"x120.1   12.59  320 328 376 400  240 245 246 262 doublescan -hsync -vsync (31.5 kHz d)
(II) modeset(0): Modeline "360x202"x119.0   11.25  360 372 404 448  202 204 206 211 doublescan -hsync +vsync (25.1 kHz d)
(II) modeset(0): Modeline "360x202"x118.3   10.88  360 384 400 440  202 204 206 209 doublescan +hsync -vsync (24.7 kHz d)
(II) modeset(0): Modeline "320x180"x119.7    9.00  320 332 360 400  180 181 184 188 doublescan -hsync +vsync (22.5 kHz d)
(II) modeset(0): Modeline "320x180"x118.6    8.88  320 344 360 400  180 181 184 187 doublescan +hsync -vsync (22.2 kHz d)
(II) modeset(0): EDID for output DP-1
(II) modeset(0): EDID for output HDMI-1
(II) modeset(0): EDID for output DP-2
(II) modeset(0): EDID for output HDMI-2
(II) modeset(0): Output eDP-1 connected
(II) modeset(0): Output DP-1 disconnected
(II) modeset(0): Output HDMI-1 disconnected
(II) modeset(0): Output DP-2 disconnected
(II) modeset(0): Output HDMI-2 disconnected
(II) modeset(0): Using exact sizes for initial modes
(II) modeset(0): Output eDP-1 using initial mode 1920x1080 +0+0
(==) modeset(0): Using gamma correction (1.0, 1.0, 1.0)
(==) modeset(0): DPI set to (96, 96)
(II) Loading sub module "fb"
(II) LoadModule: "fb"
(II) Module "fb" already built-in
(II) UnloadModule: "fbdev"
(II) Unloading fbdev
(II) UnloadSubModule: "fbdevhw"
(II) Unloading fbdevhw
(==) modeset(0): Backing store enabled
(==) modeset(0): Silken mouse enabled
(II) modeset(0): Initializing kms color map for depth 24, 8 bpc.
(==) modeset(0): DPMS enabled
(II) modeset(0): [DRI2] Setup complete
(II) modeset(0): [DRI2]   DRI driver: iris
(II) modeset(0): [DRI2]   VDPAU driver: va_gl
(II) Initializing extension Generic Event Extension
(II) Initializing extension SHAPE
(II) Initializing extension MIT-SHM
(II) Initializing extension XInputExtension
(II) Initializing extension XTEST
(II) Initializing extension BIG-REQUESTS
(II) Initializing extension SYNC
(II) Initializing extension XKEYBOARD
(II) Initializing extension XC-MISC
(II) Initializing extension SECURITY
(II) Initializing extension XFIXES
(II) Initializing extension RENDER
(II) Initializing extension RANDR
(II) Initializing extension COMPOSITE
(II) Initializing extension DAMAGE
(II) Initializing extension MIT-SCREEN-SAVER
(II) Initializing extension DOUBLE-BUFFER
(II) Initializing extension RECORD
(II) Initializing extension DPMS
(II) Initializing extension Present
(II) Initializing extension DRI3
(II) Initializing extension X-Resource
(II) Initializing extension XVideo
(II) Initializing extension XVideo-MotionCompensation
(II) Initializing extension GLX
(II) AIGLX: Loaded and initialized iris
(II) GLX: Initialized DRI2 GL provider for screen 0
(II) Initializing extension XFree86-VidModeExtension
(II) Initializing extension XFree86-DGA
(II) Initializing extension XFree86-DRI
(II) Initializing extension DRI2
(II) modeset(0): Damage tracking initialized
(II) modeset(0): Setting screen physical size to 508 x 285
(II) config/udev: Adding input device Power Button (/dev/input/event5)
(**) Power Button: Applying InputClass "Keyboard catchall"
(**) Power Button: Applying InputClass "evdev keyboard catchall"
(**) Power Button: Applying InputClass "libinput keyboard catchall"
(II) LoadModule: "libinput"
(II) Loading /nix/store/svxih82k7qg9qmpr5riz7c81rjd2l89f-xf86-input-libinput-1.5.0/lib/xorg/modules/input/libinput_drv.so
(II) Module libinput: vendor="X.Org Foundation"
	compiled for 1.21.1.14, module version = 1.5.0
	Module class: X.Org XInput Driver
	ABI class: X.Org XInput driver, version 24.4
(II) Using input driver 'libinput' for 'Power Button'
(II) systemd-logind: got fd for /dev/input/event5 13:69 fd 25 paused 0
(**) Power Button: always reports core events
(**) Option "Device" "/dev/input/event5"
(II) event5  - Power Button: is tagged by udev as: Keyboard
(II) event5  - Power Button: device is a keyboard
(II) event5  - Power Button: device removed
(**) Option "config_info" "udev:/sys/devices/LNXSYSTM:00/LNXPWRBN:00/input/input9/event5"
(II) XINPUT: Adding extended input device "Power Button" (type: KEYBOARD, id 6)
(**) Option "xkb_model" "pc104"
(**) Option "xkb_layout" "us"
(WW) Option "xkb_variant" requires a string value
(**) Option "xkb_options" "terminate:ctrl_alt_bksp"
(II) event5  - Power Button: is tagged by udev as: Keyboard
(II) event5  - Power Button: device is a keyboard
(II) config/udev: Adding input device Video Bus (/dev/input/event9)
(**) Video Bus: Applying InputClass "Keyboard catchall"
(**) Video Bus: Applying InputClass "evdev keyboard catchall"
(**) Video Bus: Applying InputClass "libinput keyboard catchall"
(II) Using input driver 'libinput' for 'Video Bus'
(II) systemd-logind: got fd for /dev/input/event9 13:73 fd 28 paused 0
(**) Video Bus: always reports core events
(**) Option "Device" "/dev/input/event9"
(II) event9  - Video Bus: is tagged by udev as: Keyboard
(II) event9  - Video Bus: device is a keyboard
(II) event9  - Video Bus: device removed
(**) Option "config_info" "udev:/sys/devices/LNXSYSTM:00/LNXSYBUS:00/PNP0A08:00/LNXVIDEO:00/input/input19/event9"
(II) XINPUT: Adding extended input device "Video Bus" (type: KEYBOARD, id 7)
(**) Option "xkb_model" "pc104"
(**) Option "xkb_layout" "us"
(WW) Option "xkb_variant" requires a string value
(**) Option "xkb_options" "terminate:ctrl_alt_bksp"
(II) event9  - Video Bus: is tagged by udev as: Keyboard
(II) event9  - Video Bus: device is a keyboard
(II) config/udev: Adding input device Power Button (/dev/input/event3)
(**) Power Button: Applying InputClass "Keyboard catchall"
(**) Power Button: Applying InputClass "evdev keyboard catchall"
(**) Power Button: Applying InputClass "libinput keyboard catchall"
(II) Using input driver 'libinput' for 'Power Button'
(II) systemd-logind: got fd for /dev/input/event3 13:67 fd 29 paused 0
(**) Power Button: always reports core events
(**) Option "Device" "/dev/input/event3"
(II) event3  - Power Button: is tagged by udev as: Keyboard
(II) event3  - Power Button: device is a keyboard
(II) event3  - Power Button: device removed
(**) Option "config_info" "udev:/sys/devices/LNXSYSTM:00/LNXSYBUS:00/PNP0C0C:00/input/input7/event3"
(II) XINPUT: Adding extended input device "Power Button" (type: KEYBOARD, id 8)
(**) Option "xkb_model" "pc104"
(**) Option "xkb_layout" "us"
(WW) Option "xkb_variant" requires a string value
(**) Option "xkb_options" "terminate:ctrl_alt_bksp"
(II) event3  - Power Button: is tagged by udev as: Keyboard
(II) event3  - Power Button: device is a keyboard
(II) config/udev: Adding input device Lid Switch (/dev/input/event2)
(II) No input driver specified, ignoring this device.
(II) This device may have been added with another device file.
(II) config/udev: Adding input device Sleep Button (/dev/input/event1)
(**) Sleep Button: Applying InputClass "Keyboard catchall"
(**) Sleep Button: Applying InputClass "evdev keyboard catchall"
(**) Sleep Button: Applying InputClass "libinput keyboard catchall"
(II) Using input driver 'libinput' for 'Sleep Button'
(II) systemd-logind: got fd for /dev/input/event1 13:65 fd 30 paused 0
(**) Sleep Button: always reports core events
(**) Option "Device" "/dev/input/event1"
(II) event1  - Sleep Button: is tagged by udev as: Keyboard
(II) event1  - Sleep Button: device is a keyboard
(II) event1  - Sleep Button: device removed
(**) Option "config_info" "udev:/sys/devices/LNXSYSTM:00/LNXSYBUS:00/PNP0C0E:00/input/input5/event1"
(II) XINPUT: Adding extended input device "Sleep Button" (type: KEYBOARD, id 9)
(**) Option "xkb_model" "pc104"
(**) Option "xkb_layout" "us"
(WW) Option "xkb_variant" requires a string value
(**) Option "xkb_options" "terminate:ctrl_alt_bksp"
(II) event1  - Sleep Button: is tagged by udev as: Keyboard
(II) event1  - Sleep Button: device is a keyboard
(II) config/udev: Adding input device SYNA3092:00 06CB:CD78 Mouse (/dev/input/event7)
(**) SYNA3092:00 06CB:CD78 Mouse: Applying InputClass "evdev pointer catchall"
(**) SYNA3092:00 06CB:CD78 Mouse: Applying InputClass "libinput pointer catchall"
(**) SYNA3092:00 06CB:CD78 Mouse: Applying InputClass "libinput mouse configuration"
(II) Using input driver 'libinput' for 'SYNA3092:00 06CB:CD78 Mouse'
(II) systemd-logind: got fd for /dev/input/event7 13:71 fd 31 paused 0
(**) SYNA3092:00 06CB:CD78 Mouse: always reports core events
(**) Option "Device" "/dev/input/event7"
(II) event7  - SYNA3092:00 06CB:CD78 Mouse: is tagged by udev as: Mouse Pointingstick
(II) event7  - SYNA3092:00 06CB:CD78 Mouse: device is a pointer
(II) event7  - SYNA3092:00 06CB:CD78 Mouse: device removed
(**) Option "AccelProfile" "adaptive"
(II) libinput: SYNA3092:00 06CB:CD78 Mouse: Step value 0 was provided, libinput Fallback acceleration function is used.
(II) libinput: SYNA3092:00 06CB:CD78 Mouse: Step value 0 was provided, libinput Fallback acceleration function is used.
(II) libinput: SYNA3092:00 06CB:CD78 Mouse: Step value 0 was provided, libinput Fallback acceleration function is used.
(**) Option "NaturalScrolling" "off"
(**) Option "SendEventsMode" "enabled"
(**) Option "LeftHanded" "off"
(**) Option "ScrollMethod" "twofinger"
(**) Option "HorizontalScrolling" "on"
(**) Option "config_info" "udev:/sys/devices/pci0000:00/0000:00:15.1/i2c_designware.1/i2c-1/i2c-SYNA3092:00/0018:06CB:CD78.0001/input/input16/event7"
(II) XINPUT: Adding extended input device "SYNA3092:00 06CB:CD78 Mouse" (type: MOUSE, id 10)
(EE) libinput: SYNA3092:00 06CB:CD78 Mouse: Failed to set scroll to twofinger
(**) Option "AccelerationScheme" "none"
(**) SYNA3092:00 06CB:CD78 Mouse: (accel) selected scheme none/0
(**) SYNA3092:00 06CB:CD78 Mouse: (accel) acceleration factor: 2.000
(**) SYNA3092:00 06CB:CD78 Mouse: (accel) acceleration threshold: 4
(II) event7  - SYNA3092:00 06CB:CD78 Mouse: is tagged by udev as: Mouse Pointingstick
(II) event7  - SYNA3092:00 06CB:CD78 Mouse: device is a pointer
(EE) libinput: SYNA3092:00 06CB:CD78 Mouse: Failed to set scroll to twofinger
(II) config/udev: Adding input device SYNA3092:00 06CB:CD78 Mouse (/dev/input/mouse0)
(II) No input driver specified, ignoring this device.
(II) This device may have been added with another device file.
(II) config/udev: Adding input device SYNA3092:00 06CB:CD78 Touchpad (/dev/input/event8)
(**) SYNA3092:00 06CB:CD78 Touchpad: Applying InputClass "evdev touchpad catchall"
(**) SYNA3092:00 06CB:CD78 Touchpad: Applying InputClass "libinput touchpad catchall"
(**) SYNA3092:00 06CB:CD78 Touchpad: Applying InputClass "libinput touchpad configuration"
(II) Using input driver 'libinput' for 'SYNA3092:00 06CB:CD78 Touchpad'
(II) systemd-logind: got fd for /dev/input/event8 13:72 fd 32 paused 0
(**) SYNA3092:00 06CB:CD78 Touchpad: always reports core events
(**) Option "Device" "/dev/input/event8"
(II) event8  - SYNA3092:00 06CB:CD78 Touchpad: is tagged by udev as: Touchpad
(II) event8  - SYNA3092:00 06CB:CD78 Touchpad: device is a touchpad
(II) event8  - SYNA3092:00 06CB:CD78 Touchpad: device removed
(**) Option "Tapping" "on"
(**) Option "TappingDragLock" "on"
(**) Option "AccelProfile" "adaptive"
(II) libinput: SYNA3092:00 06CB:CD78 Touchpad: Step value 0 was provided, libinput Fallback acceleration function is used.
(II) libinput: SYNA3092:00 06CB:CD78 Touchpad: Step value 0 was provided, libinput Fallback acceleration function is used.
(II) libinput: SYNA3092:00 06CB:CD78 Touchpad: Step value 0 was provided, libinput Fallback acceleration function is used.
(**) Option "NaturalScrolling" "off"
(**) Option "SendEventsMode" "enabled"
(**) Option "LeftHanded" "off"
(**) Option "ScrollMethod" "twofinger"
(**) Option "MiddleEmulation" "on"
(**) Option "DisableWhileTyping" "off"
(**) Option "HorizontalScrolling" "on"
(**) Option "config_info" "udev:/sys/devices/pci0000:00/0000:00:15.1/i2c_designware.1/i2c-1/i2c-SYNA3092:00/0018:06CB:CD78.0001/input/input17/event8"
(II) XINPUT: Adding extended input device "SYNA3092:00 06CB:CD78 Touchpad" (type: TOUCHPAD, id 11)
(**) Option "AccelerationScheme" "none"
(**) SYNA3092:00 06CB:CD78 Touchpad: (accel) selected scheme none/0
(**) SYNA3092:00 06CB:CD78 Touchpad: (accel) acceleration factor: 2.000
(**) SYNA3092:00 06CB:CD78 Touchpad: (accel) acceleration threshold: 4
(II) event8  - SYNA3092:00 06CB:CD78 Touchpad: is tagged by udev as: Touchpad
(II) event8  - SYNA3092:00 06CB:CD78 Touchpad: device is a touchpad
(II) config/udev: Adding input device SYNA3092:00 06CB:CD78 Touchpad (/dev/input/mouse1)
(II) No input driver specified, ignoring this device.
(II) This device may have been added with another device file.
(II) config/udev: Adding input device sof-hda-dsp Mic (/dev/input/event12)
(II) No input driver specified, ignoring this device.
(II) This device may have been added with another device file.
(II) config/udev: Adding input device sof-hda-dsp Headphone (/dev/input/event13)
(II) No input driver specified, ignoring this device.
(II) This device may have been added with another device file.
(II) config/udev: Adding input device sof-hda-dsp HDMI/DP,pcm=3 (/dev/input/event14)
(II) No input driver specified, ignoring this device.
(II) This device may have been added with another device file.
(II) config/udev: Adding input device sof-hda-dsp HDMI/DP,pcm=4 (/dev/input/event15)
(II) No input driver specified, ignoring this device.
(II) This device may have been added with another device file.
(II) config/udev: Adding input device sof-hda-dsp HDMI/DP,pcm=5 (/dev/input/event16)
(II) No input driver specified, ignoring this device.
(II) This device may have been added with another device file.
(II) config/udev: Adding input device AT Translated Set 2 keyboard (/dev/input/event0)
(**) AT Translated Set 2 keyboard: Applying InputClass "Keyboard catchall"
(**) AT Translated Set 2 keyboard: Applying InputClass "evdev keyboard catchall"
(**) AT Translated Set 2 keyboard: Applying InputClass "libinput keyboard catchall"
(II) Using input driver 'libinput' for 'AT Translated Set 2 keyboard'
(II) systemd-logind: got fd for /dev/input/event0 13:64 fd 33 paused 0
(**) AT Translated Set 2 keyboard: always reports core events
(**) Option "Device" "/dev/input/event0"
(II) event0  - AT Translated Set 2 keyboard: is tagged by udev as: Keyboard
(II) event0  - AT Translated Set 2 keyboard: device is a keyboard
(II) event0  - AT Translated Set 2 keyboard: device removed
(**) Option "config_info" "udev:/sys/devices/platform/i8042/serio0/input/input0/event0"
(II) XINPUT: Adding extended input device "AT Translated Set 2 keyboard" (type: KEYBOARD, id 12)
(**) Option "xkb_model" "pc104"
(**) Option "xkb_layout" "us"
(WW) Option "xkb_variant" requires a string value
(**) Option "xkb_options" "terminate:ctrl_alt_bksp"
(II) event0  - AT Translated Set 2 keyboard: is tagged by udev as: Keyboard
(II) event0  - AT Translated Set 2 keyboard: device is a keyboard
(II) config/udev: Adding input device PS/2 Generic Mouse (/dev/input/event10)
(**) PS/2 Generic Mouse: Applying InputClass "evdev pointer catchall"
(**) PS/2 Generic Mouse: Applying InputClass "libinput pointer catchall"
(**) PS/2 Generic Mouse: Applying InputClass "libinput mouse configuration"
(II) Using input driver 'libinput' for 'PS/2 Generic Mouse'
(II) systemd-logind: got fd for /dev/input/event10 13:74 fd 34 paused 0
(**) PS/2 Generic Mouse: always reports core events
(**) Option "Device" "/dev/input/event10"
(II) event10 - PS/2 Generic Mouse: is tagged by udev as: Mouse
(II) event10 - PS/2 Generic Mouse: device is a pointer
(II) event10 - PS/2 Generic Mouse: device removed
(**) Option "AccelProfile" "adaptive"
(II) libinput: PS/2 Generic Mouse: Step value 0 was provided, libinput Fallback acceleration function is used.
(II) libinput: PS/2 Generic Mouse: Step value 0 was provided, libinput Fallback acceleration function is used.
(II) libinput: PS/2 Generic Mouse: Step value 0 was provided, libinput Fallback acceleration function is used.
(**) Option "NaturalScrolling" "off"
(**) Option "SendEventsMode" "enabled"
(**) Option "LeftHanded" "off"
(**) Option "ScrollMethod" "twofinger"
(**) Option "MiddleEmulation" "on"
(**) Option "HorizontalScrolling" "on"
(**) Option "config_info" "udev:/sys/devices/platform/i8042/serio2/input/input11/event10"
(II) XINPUT: Adding extended input device "PS/2 Generic Mouse" (type: MOUSE, id 13)
(EE) libinput: PS/2 Generic Mouse: Failed to set scroll to twofinger
(**) Option "AccelerationScheme" "none"
(**) PS/2 Generic Mouse: (accel) selected scheme none/0
(**) PS/2 Generic Mouse: (accel) acceleration factor: 2.000
(**) PS/2 Generic Mouse: (accel) acceleration threshold: 4
(II) event10 - PS/2 Generic Mouse: is tagged by udev as: Mouse
(II) event10 - PS/2 Generic Mouse: device is a pointer
(EE) libinput: PS/2 Generic Mouse: Failed to set scroll to twofinger
(II) config/udev: Adding input device PS/2 Generic Mouse (/dev/input/mouse2)
(II) No input driver specified, ignoring this device.
(II) This device may have been added with another device file.
(II) config/udev: Adding input device SynPS/2 Synaptics TouchPad (/dev/input/event11)
(**) SynPS/2 Synaptics TouchPad: Applying InputClass "evdev touchpad catchall"
(**) SynPS/2 Synaptics TouchPad: Applying InputClass "libinput touchpad catchall"
(**) SynPS/2 Synaptics TouchPad: Applying InputClass "libinput touchpad configuration"
(II) Using input driver 'libinput' for 'SynPS/2 Synaptics TouchPad'
(II) systemd-logind: got fd for /dev/input/event11 13:75 fd 35 paused 0
(**) SynPS/2 Synaptics TouchPad: always reports core events
(**) Option "Device" "/dev/input/event11"
(II) event11 - SynPS/2 Synaptics TouchPad: is tagged by udev as: Touchpad
(II) event11 - SynPS/2 Synaptics TouchPad: no resolution or size hints, assuming a size of 69x50mm
(II) event11 - SynPS/2 Synaptics TouchPad: device is a touchpad
(II) event11 - SynPS/2 Synaptics TouchPad: device removed
(**) Option "Tapping" "on"
(**) Option "TappingDragLock" "on"
(**) Option "AccelProfile" "adaptive"
(II) libinput: SynPS/2 Synaptics TouchPad: Step value 0 was provided, libinput Fallback acceleration function is used.
(II) libinput: SynPS/2 Synaptics TouchPad: Step value 0 was provided, libinput Fallback acceleration function is used.
(II) libinput: SynPS/2 Synaptics TouchPad: Step value 0 was provided, libinput Fallback acceleration function is used.
(**) Option "NaturalScrolling" "off"
(**) Option "SendEventsMode" "enabled"
(**) Option "LeftHanded" "off"
(**) Option "ScrollMethod" "twofinger"
(**) Option "MiddleEmulation" "on"
(**) Option "DisableWhileTyping" "off"
(**) Option "HorizontalScrolling" "on"
(**) Option "config_info" "udev:/sys/devices/platform/i8042/serio3/input/input20/event11"
(II) XINPUT: Adding extended input device "SynPS/2 Synaptics TouchPad" (type: TOUCHPAD, id 14)
(**) Option "AccelerationScheme" "none"
(**) SynPS/2 Synaptics TouchPad: (accel) selected scheme none/0
(**) SynPS/2 Synaptics TouchPad: (accel) acceleration factor: 2.000
(**) SynPS/2 Synaptics TouchPad: (accel) acceleration threshold: 4
(II) event11 - SynPS/2 Synaptics TouchPad: is tagged by udev as: Touchpad
(II) event11 - SynPS/2 Synaptics TouchPad: no resolution or size hints, assuming a size of 69x50mm
(II) event11 - SynPS/2 Synaptics TouchPad: device is a touchpad
(II) config/udev: Adding input device SynPS/2 Synaptics TouchPad (/dev/input/mouse3)
(II) No input driver specified, ignoring this device.
(II) This device may have been added with another device file.
(II) config/udev: Adding input device HP WMI hotkeys (/dev/input/event6)
(**) HP WMI hotkeys: Applying InputClass "Keyboard catchall"
(**) HP WMI hotkeys: Applying InputClass "evdev keyboard catchall"
(**) HP WMI hotkeys: Applying InputClass "libinput keyboard catchall"
(II) Using input driver 'libinput' for 'HP WMI hotkeys'
(II) systemd-logind: got fd for /dev/input/event6 13:70 fd 36 paused 0
(**) HP WMI hotkeys: always reports core events
(**) Option "Device" "/dev/input/event6"
(II) event6  - HP WMI hotkeys: is tagged by udev as: Keyboard Switch
(II) event6  - HP WMI hotkeys: device is a keyboard
(II) event6  - HP WMI hotkeys: device removed
(**) Option "config_info" "udev:/sys/devices/virtual/input/input12/event6"
(II) XINPUT: Adding extended input device "HP WMI hotkeys" (type: KEYBOARD, id 15)
(**) Option "xkb_model" "pc104"
(**) Option "xkb_layout" "us"
(WW) Option "xkb_variant" requires a string value
(**) Option "xkb_options" "terminate:ctrl_alt_bksp"
(II) event6  - HP WMI hotkeys: is tagged by udev as: Keyboard Switch
(II) event6  - HP WMI hotkeys: device is a keyboard
(II) config/udev: Adding input device Wireless hotkeys (/dev/input/event4)
(**) Wireless hotkeys: Applying InputClass "Keyboard catchall"
(**) Wireless hotkeys: Applying InputClass "evdev keyboard catchall"
(**) Wireless hotkeys: Applying InputClass "libinput keyboard catchall"
(II) Using input driver 'libinput' for 'Wireless hotkeys'
(II) systemd-logind: got fd for /dev/input/event4 13:68 fd 37 paused 0
(**) Wireless hotkeys: always reports core events
(**) Option "Device" "/dev/input/event4"
(II) event4  - Wireless hotkeys: is tagged by udev as: Keyboard
(II) event4  - Wireless hotkeys: device is a keyboard
(II) event4  - Wireless hotkeys: device removed
(**) Option "config_info" "udev:/sys/devices/virtual/input/input8/event4"
(II) XINPUT: Adding extended input device "Wireless hotkeys" (type: KEYBOARD, id 16)
(**) Option "xkb_model" "pc104"
(**) Option "xkb_layout" "us"
(WW) Option "xkb_variant" requires a string value
(**) Option "xkb_options" "terminate:ctrl_alt_bksp"
(II) event4  - Wireless hotkeys: is tagged by udev as: Keyboard
(II) event4  - Wireless hotkeys: device is a keyboard
warning: output DP-0 not found; ignoring
warning: output DP-4 not found; ignoring
/home/bbarker/.xinitrc: line 31: picom: command not found
/home/bbarker/.xinitrc: line 32: nitrogen: command not found
xinit: connection to X server lost

waiting for X server to shut down (**) Option "fd" "25"
(II) event5  - Power Button: device removed
(**) Option "fd" "28"
(II) event9  - Video Bus: device removed
(**) Option "fd" "29"
(II) event3  - Power Button: device removed
(**) Option "fd" "30"
(II) event1  - Sleep Button: device removed
(**) Option "fd" "31"
(II) event7  - SYNA3092:00 06CB:CD78 Mouse: device removed
(**) Option "fd" "32"
(II) event8  - SYNA3092:00 06CB:CD78 Touchpad: device removed
(**) Option "fd" "33"
(II) event0  - AT Translated Set 2 keyboard: device removed
(**) Option "fd" "34"
(II) event10 - PS/2 Generic Mouse: device removed
(**) Option "fd" "35"
(II) event11 - SynPS/2 Synaptics TouchPad: device removed
(**) Option "fd" "36"
(II) event6  - HP WMI hotkeys: device removed
(**) Option "fd" "37"
(II) event4  - Wireless hotkeys: device removed
(II) UnloadModule: "libinput"
(II) systemd-logind: releasing fd for 13:68
(II) UnloadModule: "libinput"
(II) systemd-logind: releasing fd for 13:70
(II) UnloadModule: "libinput"
(II) systemd-logind: releasing fd for 13:75
(II) UnloadModule: "libinput"
(II) systemd-logind: releasing fd for 13:74
(II) UnloadModule: "libinput"
(II) systemd-logind: releasing fd for 13:64
(II) UnloadModule: "libinput"
(II) systemd-logind: releasing fd for 13:72
(II) UnloadModule: "libinput"
(II) systemd-logind: releasing fd for 13:71
(II) UnloadModule: "libinput"
(II) systemd-logind: releasing fd for 13:65
(II) UnloadModule: "libinput"
(II) systemd-logind: releasing fd for 13:67
(II) UnloadModule: "libinput"
(II) systemd-logind: releasing fd for 13:73
(II) UnloadModule: "libinput"
(II) systemd-logind: releasing fd for 13:69
(II) Server terminated successfully (0). Closing log file.

